2025-03-19 10:52:44 +0000  Initial pipeline context: <IDEDistributionProcessingPipelineContext: 0x2b7d30b40; archive(resolved)="<IDEArchive: 0x6000308fa7c0>", distributionTask(resolved)="2", distributionDestination(resolved)="1", distributionMethod(resolved)="<IDEDistributionMethodDevelopmentSigned: 0x60001e014480>", team(resolved)="<IDEProvisioningDisambiguatableBasicTeam: 0x600007bbe5c0; teamID='NZ2QNUW4C3', teamName='Vibhuti Sharma', teamType='Individual', username='vibhuti.sharma0605@gmail.com', isFreeProvisioningTeam='0'>">
	Chain (15, self inclusive):
	<IDEDistributionProcessingPipelineContext: 0x2b7d30b40; archive = "<IDEArchive: 0x6000308fa7c0>", distributionMethod="<IDEDistributionMethodDevelopmentSigned: 0x60001e014480>", team="<IDEProvisioningDisambiguatableBasicTeam: 0x600007bbe5c0; teamID='NZ2QNUW4C3', teamName='Vibhuti Sharma', teamType='Individual', username='vibhuti.sharma0605@gmail.com', isFreeProvisioningTeam='0'>">
	<IDEDistributionProcessingPipelineContext: 0x2b7df9e70; archive = "<IDEArchive: 0x6000308fa7c0>", distributionMethod="<IDEDistributionMethodDevelopmentSigned: 0x60001e014480>", team="<IDEProvisioningDisambiguatableBasicTeam: 0x600007bbe5c0; teamID='NZ2QNUW4C3', teamName='Vibhuti Sharma', teamType='Individual', username='vibhuti.sharma0605@gmail.com', isFreeProvisioningTeam='0'>">
	<IDEDistributionContext: 0x166fa4b40; archive = "<IDEArchive: 0x6000308fa7c0>", distributionMethod="<IDEDistributionMethodDevelopmentSigned: 0x60001e014480>", team="<IDEProvisioningDisambiguatableBasicTeam: 0x600007bbe5c0; teamID='NZ2QNUW4C3', teamName='Vibhuti Sharma', teamType='Individual', username='vibhuti.sharma0605@gmail.com', isFreeProvisioningTeam='0'>">
	<IDEDistributionContext: 0x166c6e760; archive = "<IDEArchive: 0x6000308fa7c0>", distributionMethod="<IDEDistributionMethodDevelopmentSigned: 0x60001e014480>", team="<IDEProvisioningDisambiguatableBasicTeam: 0x600007bbe5c0; teamID='NZ2QNUW4C3', teamName='Vibhuti Sharma', teamType='Individual', username='vibhuti.sharma0605@gmail.com', isFreeProvisioningTeam='0'>">
	<IDEDistributionContext: 0x2b7d8a5f0; archive = "<IDEArchive: 0x6000308fa7c0>", distributionMethod="<IDEDistributionMethodDevelopmentSigned: 0x60001e014480>", team="<IDEProvisioningDisambiguatableBasicTeam: 0x600007bbe5c0; teamID='NZ2QNUW4C3', teamName='Vibhuti Sharma', teamType='Individual', username='vibhuti.sharma0605@gmail.com', isFreeProvisioningTeam='0'>">
	<IDEDistributionContext: 0x2b7d043d0; archive = "<IDEArchive: 0x6000308fa7c0>", distributionMethod="<IDEDistributionMethodDevelopmentSigned: 0x60001e014480>", team="<IDEProvisioningDisambiguatableBasicTeam: 0x600007bbe5c0; teamID='NZ2QNUW4C3', teamName='Vibhuti Sharma', teamType='Individual', username='vibhuti.sharma0605@gmail.com', isFreeProvisioningTeam='0'>">
	<IDEDistributionContext: 0x166f55180; archive = "<IDEArchive: 0x6000308fa7c0>", distributionMethod="<IDEDistributionMethodDevelopmentSigned: 0x60001e014480>", team="<IDEProvisioningDisambiguatableBasicTeam: 0x600007bbe5c0; teamID='NZ2QNUW4C3', teamName='Vibhuti Sharma', teamType='Individual', username='vibhuti.sharma0605@gmail.com', isFreeProvisioningTeam='0'>">
	<IDEDistributionContext: 0x166f4c640; archive = "<IDEArchive: 0x6000308fa7c0>", distributionMethod="<IDEDistributionMethodDevelopmentSigned: 0x60001e014480>", team="<IDEProvisioningDisambiguatableBasicTeam: 0x600007bbe5c0; teamID='NZ2QNUW4C3', teamName='Vibhuti Sharma', teamType='Individual', username='vibhuti.sharma0605@gmail.com', isFreeProvisioningTeam='0'>">
	<IDEDistributionContext: 0x166f545f0; archive = "<IDEArchive: 0x6000308fa7c0>", distributionMethod="<IDEDistributionMethodDevelopmentSigned: 0x60001e014480>", team="<IDEProvisioningDisambiguatableBasicTeam: 0x600007bbe5c0; teamID='NZ2QNUW4C3', teamName='Vibhuti Sharma', teamType='Individual', username='vibhuti.sharma0605@gmail.com', isFreeProvisioningTeam='0'>">
	<IDEDistributionContext: 0x166f95b60; archive = "<IDEArchive: 0x6000308fa7c0>", distributionMethod="<IDEDistributionMethodDevelopmentSigned: 0x60001e014480>", team="(null)">
	<IDEDistributionContext: 0x2c4b23b70; archive = "<IDEArchive: 0x6000308fa7c0>", distributionMethod="<IDEDistributionMethodDevelopmentSigned: 0x60001e014480>", team="(null)">
	<IDEDistributionContext: 0x2b769cc20; archive = "<IDEArchive: 0x6000308fa7c0>", distributionMethod="<IDEDistributionMethodDevelopmentSigned: 0x60001e014480>", team="(null)">
	<IDEDistributionContext: 0x166c6d000; archive = "<IDEArchive: 0x6000308fa7c0>", distributionMethod="<IDEDistributionMethodDevelopmentSigned: 0x60001e014480>", team="(null)">
	<IDEDistributionContext: 0x2b7d6fee0; archive = "<IDEArchive: 0x6000308fa7c0>", distributionMethod="(null)", team="(null)">
	<IDEDistributionContext: 0x166f82230; archive = "<IDEArchive: 0x6000308fa7c0>", distributionMethod="(null)", team="(null)">
</IDEDistributionProcessingPipelineContext: 0x2b7d30b40>
2025-03-19 10:52:44 +0000  Processing step: IDEDistributionCreateDestRootStep
2025-03-19 10:52:44 +0000  Processing step: IDEDistributionCopyItemStep
2025-03-19 10:52:44 +0000  Running /usr/bin/ditto '-V' '/Users/adityagupta/Library/Developer/Xcode/Archives/2025-03-19/Will 19-03-25, 4.21 PM.xcarchive/Products/Applications/Will.app' '/var/folders/cs/0fp5y22j5pndwv68xy6ylfx00000gn/T/XcodeDistPipeline.~~~ovqatX/Root/Payload/Will.app'
2025-03-19 10:52:44 +0000  >>> Copying /Users/adityagupta/Library/Developer/Xcode/Archives/2025-03-19/Will 19-03-25, 4.21 PM.xcarchive/Products/Applications/Will.app 
2025-03-19 10:52:44 +0000  copying file ./_CodeSignature/CodeResources ... 
2025-03-19 10:52:44 +0000  39809 bytes for ./_CodeSignature/CodeResources
2025-03-19 10:52:44 +0000  copying file ./FirebaseCore_Privacy.bundle/PrivacyInfo.xcprivacy ... 
2025-03-19 10:52:44 +0000  855 bytes for ./FirebaseCore_Privacy.bundle/PrivacyInfo.xcprivacy
2025-03-19 10:52:44 +0000  copying file ./FirebaseCore_Privacy.bundle/Info.plist ... 
2025-03-19 10:52:44 +0000  789 bytes for ./FirebaseCore_Privacy.bundle/Info.plist
2025-03-19 10:52:44 +0000  copying file ./Poppins-ExtraLight.ttf ... 
2025-03-19 10:52:44 +0000  161456 bytes for ./Poppins-ExtraLight.ttf
2025-03-19 10:52:44 +0000  copying file ./FirebaseFirestore_Privacy.bundle/PrivacyInfo.xcprivacy ... 
2025-03-19 10:52:44 +0000  1105 bytes for ./FirebaseFirestore_Privacy.bundle/PrivacyInfo.xcprivacy
2025-03-19 10:52:44 +0000  copying file ./FirebaseFirestore_Privacy.bundle/Info.plist ... 
2025-03-19 10:52:44 +0000  799 bytes for ./FirebaseFirestore_Privacy.bundle/Info.plist
2025-03-19 10:52:44 +0000  copying file ./Poppins-ThinItalic.ttf ... 
2025-03-19 10:52:44 +0000  187044 bytes for ./Poppins-ThinItalic.ttf
2025-03-19 10:52:44 +0000  copying file ./gRPCCertificates-Cpp.bundle/roots.pem ... 
2025-03-19 10:52:44 +0000  264440 bytes for ./gRPCCertificates-Cpp.bundle/roots.pem
2025-03-19 10:52:44 +0000  copying file ./gRPCCertificates-Cpp.bundle/Info.plist ... 
2025-03-19 10:52:44 +0000  789 bytes for ./gRPCCertificates-Cpp.bundle/Info.plist
2025-03-19 10:52:44 +0000  copying file ./Poppins-ExtraLightItalic.ttf ... 
2025-03-19 10:52:44 +0000  186168 bytes for ./Poppins-ExtraLightItalic.ttf
2025-03-19 10:52:44 +0000  copying file ./Poppins-BoldItalic.ttf ... 
2025-03-19 10:52:44 +0000  176588 bytes for ./Poppins-BoldItalic.ttf
2025-03-19 10:52:44 +0000  copying file ./Poppins-Light.ttf ... 
2025-03-19 10:52:44 +0000  159892 bytes for ./Poppins-Light.ttf
2025-03-19 10:52:44 +0000  copying file ./Poppins-Medium.ttf ... 
2025-03-19 10:52:44 +0000  156520 bytes for ./Poppins-Medium.ttf
2025-03-19 10:52:44 +0000  copying file ./glog_privacy.bundle/Info.plist ... 
2025-03-19 10:52:44 +0000  770 bytes for ./glog_privacy.bundle/Info.plist
2025-03-19 10:52:44 +0000  copying file ./AppIcon60x60@2x.png ... 
2025-03-19 10:52:44 +0000  14005 bytes for ./AppIcon60x60@2x.png
2025-03-19 10:52:44 +0000  copying file ./grpcpp.bundle/PrivacyInfo.xcprivacy ... 
2025-03-19 10:52:44 +0000  599 bytes for ./grpcpp.bundle/PrivacyInfo.xcprivacy
2025-03-19 10:52:44 +0000  copying file ./grpcpp.bundle/Info.plist ... 
2025-03-19 10:52:44 +0000  759 bytes for ./grpcpp.bundle/Info.plist
2025-03-19 10:52:44 +0000  copying file ./Poppins-SemiBoldItalic.ttf ... 
2025-03-19 10:52:44 +0000  178584 bytes for ./Poppins-SemiBoldItalic.ttf
2025-03-19 10:52:44 +0000  copying file ./FirebaseCoreInternal_Privacy.bundle/PrivacyInfo.xcprivacy ... 
2025-03-19 10:52:44 +0000  855 bytes for ./FirebaseCoreInternal_Privacy.bundle/PrivacyInfo.xcprivacy
2025-03-19 10:52:44 +0000  copying file ./FirebaseCoreInternal_Privacy.bundle/Info.plist ... 
2025-03-19 10:52:44 +0000  805 bytes for ./FirebaseCoreInternal_Privacy.bundle/Info.plist
2025-03-19 10:52:44 +0000  copying file ./React-cxxreact_privacy.bundle/PrivacyInfo.xcprivacy ... 
2025-03-19 10:52:44 +0000  552 bytes for ./React-cxxreact_privacy.bundle/PrivacyInfo.xcprivacy
2025-03-19 10:52:44 +0000  copying file ./React-cxxreact_privacy.bundle/Info.plist ... 
2025-03-19 10:52:44 +0000  793 bytes for ./React-cxxreact_privacy.bundle/Info.plist
2025-03-19 10:52:44 +0000  copying file ./nanopb_Privacy.bundle/PrivacyInfo.xcprivacy ... 
2025-03-19 10:52:44 +0000  374 bytes for ./nanopb_Privacy.bundle/PrivacyInfo.xcprivacy
2025-03-19 10:52:44 +0000  copying file ./nanopb_Privacy.bundle/Info.plist ... 
2025-03-19 10:52:44 +0000  778 bytes for ./nanopb_Privacy.bundle/Info.plist
2025-03-19 10:52:44 +0000  copying file ./GoogleService-Info.plist ... 
2025-03-19 10:52:44 +0000  489 bytes for ./GoogleService-Info.plist
2025-03-19 10:52:44 +0000  copying file ./FirebaseCoreExtension_Privacy.bundle/PrivacyInfo.xcprivacy ... 
2025-03-19 10:52:44 +0000  478 bytes for ./FirebaseCoreExtension_Privacy.bundle/PrivacyInfo.xcprivacy
2025-03-19 10:52:44 +0000  copying file ./FirebaseCoreExtension_Privacy.bundle/Info.plist ... 
2025-03-19 10:52:44 +0000  807 bytes for ./FirebaseCoreExtension_Privacy.bundle/Info.plist
2025-03-19 10:52:44 +0000  copying file ./Poppins-ExtraBoldItalic.ttf ... 
2025-03-19 10:52:44 +0000  173916 bytes for ./Poppins-ExtraBoldItalic.ttf
2025-03-19 10:52:44 +0000  copying file ./Poppins-ExtraBold.ttf ... 
2025-03-19 10:52:44 +0000  152764 bytes for ./Poppins-ExtraBold.ttf
2025-03-19 10:52:44 +0000  copying file ./RCT-Folly_privacy.bundle/Info.plist ... 
2025-03-19 10:52:44 +0000  785 bytes for ./RCT-Folly_privacy.bundle/Info.plist
2025-03-19 10:52:44 +0000  copying file ./Will ... 
2025-03-19 10:52:44 +0000  15491936 bytes for ./Will
2025-03-19 10:52:44 +0000  copying file ./Assets.car ... 
2025-03-19 10:52:44 +0000  545208 bytes for ./Assets.car
2025-03-19 10:52:44 +0000  copying file ./grpc.bundle/PrivacyInfo.xcprivacy ... 
2025-03-19 10:52:44 +0000  599 bytes for ./grpc.bundle/PrivacyInfo.xcprivacy
2025-03-19 10:52:44 +0000  copying file ./grpc.bundle/Info.plist ... 
2025-03-19 10:52:44 +0000  755 bytes for ./grpc.bundle/Info.plist
2025-03-19 10:52:44 +0000  copying file ./AppIcon76x76@2x~ipad.png ... 
2025-03-19 10:52:44 +0000  18765 bytes for ./AppIcon76x76@2x~ipad.png
2025-03-19 10:52:44 +0000  copying file ./FirebaseFirestoreInternal_Privacy.bundle/PrivacyInfo.xcprivacy ... 
2025-03-19 10:52:44 +0000  1105 bytes for ./FirebaseFirestoreInternal_Privacy.bundle/PrivacyInfo.xcprivacy
2025-03-19 10:52:44 +0000  copying file ./FirebaseFirestoreInternal_Privacy.bundle/Info.plist ... 
2025-03-19 10:52:44 +0000  815 bytes for ./FirebaseFirestoreInternal_Privacy.bundle/Info.plist
2025-03-19 10:52:44 +0000  copying file ./Poppins-BlackItalic.ttf ... 
2025-03-19 10:52:44 +0000  171604 bytes for ./Poppins-BlackItalic.ttf
2025-03-19 10:52:44 +0000  copying file ./GoogleUtilities_Privacy.bundle/PrivacyInfo.xcprivacy ... 
2025-03-19 10:52:44 +0000  1233 bytes for ./GoogleUtilities_Privacy.bundle/PrivacyInfo.xcprivacy
2025-03-19 10:52:44 +0000  copying file ./GoogleUtilities_Privacy.bundle/Info.plist ... 
2025-03-19 10:52:44 +0000  794 bytes for ./GoogleUtilities_Privacy.bundle/Info.plist
2025-03-19 10:52:44 +0000  copying file ./leveldb_Privacy.bundle/PrivacyInfo.xcprivacy ... 
2025-03-19 10:52:44 +0000  856 bytes for ./leveldb_Privacy.bundle/PrivacyInfo.xcprivacy
2025-03-19 10:52:44 +0000  copying file ./leveldb_Privacy.bundle/Info.plist ... 
2025-03-19 10:52:44 +0000  779 bytes for ./leveldb_Privacy.bundle/Info.plist
2025-03-19 10:52:44 +0000  copying file ./main.jsbundle ... 
2025-03-19 10:52:44 +0000  5560038 bytes for ./main.jsbundle
copying file ./PrivacyInfo.xcprivacy ... 
2025-03-19 10:52:44 +0000  511 bytes for ./PrivacyInfo.xcprivacy
copying file ./LaunchScreen.storyboardc/01J-lp-oVM-view-Ze5-6b-2t3.nib ... 
2025-03-19 10:52:44 +0000  3812 bytes for ./LaunchScreen.storyboardc/01J-lp-oVM-view-Ze5-6b-2t3.nib
copying file ./LaunchScreen.storyboardc/UIViewController-01J-lp-oVM.nib ... 
2025-03-19 10:52:44 +0000  924 bytes for ./LaunchScreen.storyboardc/UIViewController-01J-lp-oVM.nib
copying file ./LaunchScreen.storyboardc/Info.plist ... 
2025-03-19 10:52:44 +0000  258 bytes for ./LaunchScreen.storyboardc/Info.plist
2025-03-19 10:52:44 +0000  copying file ./Poppins-Regular.ttf ... 
2025-03-19 10:52:44 +0000  158240 bytes for ./Poppins-Regular.ttf
2025-03-19 10:52:44 +0000  copying file ./RNSVGFilters.bundle/RNSVGArithmeticFilter.iphoneos.metallib ... 
2025-03-19 10:52:44 +0000  3993 bytes for ./RNSVGFilters.bundle/RNSVGArithmeticFilter.iphoneos.metallib
copying file ./RNSVGFilters.bundle/RNSVGCompositeXor.iphoneos.metallib ... 
2025-03-19 10:52:44 +0000  3509 bytes for ./RNSVGFilters.bundle/RNSVGCompositeXor.iphoneos.metallib
copying file ./RNSVGFilters.bundle/Info.plist ... 
2025-03-19 10:52:44 +0000  771 bytes for ./RNSVGFilters.bundle/Info.plist
2025-03-19 10:52:44 +0000  copying file ./boost_privacy.bundle/Info.plist ... 
2025-03-19 10:52:44 +0000  773 bytes for ./boost_privacy.bundle/Info.plist
2025-03-19 10:52:44 +0000  copying file ./Poppins-LightItalic.ttf ... 
2025-03-19 10:52:44 +0000  184460 bytes for ./Poppins-LightItalic.ttf
2025-03-19 10:52:44 +0000  copying file ./xcprivacy.bundle/PrivacyInfo.xcprivacy ... 
2025-03-19 10:52:44 +0000  373 bytes for ./xcprivacy.bundle/PrivacyInfo.xcprivacy
copying file ./xcprivacy.bundle/Info.plist ... 
2025-03-19 10:52:44 +0000  770 bytes for ./xcprivacy.bundle/Info.plist
2025-03-19 10:52:44 +0000  copying file ./Poppins-Bold.ttf ... 
2025-03-19 10:52:44 +0000  153944 bytes for ./Poppins-Bold.ttf
2025-03-19 10:52:44 +0000  copying file ./Frameworks/hermes.framework/_CodeSignature/CodeResources ... 
2025-03-19 10:52:44 +0000  1798 bytes for ./Frameworks/hermes.framework/_CodeSignature/CodeResources
2025-03-19 10:52:44 +0000  copying file ./Frameworks/hermes.framework/hermes ... 
2025-03-19 10:52:44 +0000  4593248 bytes for ./Frameworks/hermes.framework/hermes
2025-03-19 10:52:44 +0000  copying file ./Frameworks/hermes.framework/Info.plist ... 
815 bytes for ./Frameworks/hermes.framework/Info.plist
2025-03-19 10:52:44 +0000  copying file ./openssl_grpc.bundle/PrivacyInfo.xcprivacy ... 
2025-03-19 10:52:44 +0000  599 bytes for ./openssl_grpc.bundle/PrivacyInfo.xcprivacy
2025-03-19 10:52:44 +0000  copying file ./openssl_grpc.bundle/Info.plist ... 
2025-03-19 10:52:44 +0000  771 bytes for ./openssl_grpc.bundle/Info.plist
2025-03-19 10:52:44 +0000  copying file ./Poppins-Black.ttf ... 
2025-03-19 10:52:44 +0000  151396 bytes for ./Poppins-Black.ttf
2025-03-19 10:52:44 +0000  copying file ./embedded.mobileprovision ... 
2025-03-19 10:52:44 +0000  35981 bytes for ./embedded.mobileprovision
2025-03-19 10:52:44 +0000  copying file ./ReactNativeBlobUtilPrivacyInfo.bundle/PrivacyInfo.xcprivacy ... 
2025-03-19 10:52:44 +0000  753 bytes for ./ReactNativeBlobUtilPrivacyInfo.bundle/PrivacyInfo.xcprivacy
2025-03-19 10:52:44 +0000  copying file ./ReactNativeBlobUtilPrivacyInfo.bundle/Info.plist ... 
2025-03-19 10:52:44 +0000  809 bytes for ./ReactNativeBlobUtilPrivacyInfo.bundle/Info.plist
2025-03-19 10:52:44 +0000  copying file ./assets/node_modules/react-native-stars/example-images/starEmpty.png ... 
2025-03-19 10:52:44 +0000  6920 bytes for ./assets/node_modules/react-native-stars/example-images/starEmpty.png
2025-03-19 10:52:44 +0000  copying file ./assets/node_modules/react-native-stars/example-images/starHalf.png ... 
2025-03-19 10:52:44 +0000  6891 bytes for ./assets/node_modules/react-native-stars/example-images/starHalf.png
2025-03-19 10:52:44 +0000  copying file ./assets/node_modules/react-native-stars/example-images/starFilled.png ... 
2025-03-19 10:52:44 +0000  10060 bytes for ./assets/node_modules/react-native-stars/example-images/starFilled.png
2025-03-19 10:52:44 +0000  copying file ./assets/node_modules/@react-navigation/elements/lib/commonjs/assets/back-icon@3x.png ... 
2025-03-19 10:52:44 +0000  761 bytes for ./assets/node_modules/@react-navigation/elements/lib/commonjs/assets/back-icon@3x.png
2025-03-19 10:52:44 +0000  copying file ./assets/node_modules/@react-navigation/elements/lib/commonjs/assets/back-icon@2x.png ... 
2025-03-19 10:52:44 +0000  405 bytes for ./assets/node_modules/@react-navigation/elements/lib/commonjs/assets/back-icon@2x.png
2025-03-19 10:52:44 +0000  copying file ./assets/node_modules/@react-navigation/elements/lib/commonjs/assets/search-icon@2x.png ... 
2025-03-19 10:52:44 +0000  589 bytes for ./assets/node_modules/@react-navigation/elements/lib/commonjs/assets/search-icon@2x.png
2025-03-19 10:52:44 +0000  copying file ./assets/node_modules/@react-navigation/elements/lib/commonjs/assets/clear-icon@3x.png ... 
2025-03-19 10:52:44 +0000  502 bytes for ./assets/node_modules/@react-navigation/elements/lib/commonjs/assets/clear-icon@3x.png
2025-03-19 10:52:44 +0000  copying file ./assets/node_modules/@react-navigation/elements/lib/commonjs/assets/back-icon.png ... 
2025-03-19 10:52:44 +0000  290 bytes for ./assets/node_modules/@react-navigation/elements/lib/commonjs/assets/back-icon.png
2025-03-19 10:52:44 +0000  copying file ./assets/node_modules/@react-navigation/elements/lib/commonjs/assets/clear-icon@2x.png ... 
2025-03-19 10:52:44 +0000  334 bytes for ./assets/node_modules/@react-navigation/elements/lib/commonjs/assets/clear-icon@2x.png
2025-03-19 10:52:44 +0000  copying file ./assets/node_modules/@react-navigation/elements/lib/commonjs/assets/search-icon@3x.png ... 
2025-03-19 10:52:44 +0000  839 bytes for ./assets/node_modules/@react-navigation/elements/lib/commonjs/assets/search-icon@3x.png
2025-03-19 10:52:44 +0000  copying file ./assets/node_modules/@react-navigation/elements/lib/commonjs/assets/close-icon.png ... 
2025-03-19 10:52:44 +0000  141 bytes for ./assets/node_modules/@react-navigation/elements/lib/commonjs/assets/close-icon.png
2025-03-19 10:52:44 +0000  copying file ./assets/node_modules/@react-navigation/elements/lib/commonjs/assets/back-icon-mask.png ... 
2025-03-19 10:52:44 +0000  653 bytes for ./assets/node_modules/@react-navigation/elements/lib/commonjs/assets/back-icon-mask.png
2025-03-19 10:52:44 +0000  copying file ./assets/node_modules/@react-navigation/elements/lib/commonjs/assets/close-icon@2x.png ... 
2025-03-19 10:52:44 +0000  201 bytes for ./assets/node_modules/@react-navigation/elements/lib/commonjs/assets/close-icon@2x.png
2025-03-19 10:52:44 +0000  copying file ./assets/node_modules/@react-navigation/elements/lib/commonjs/assets/close-icon@3x.png ... 
2025-03-19 10:52:44 +0000  266 bytes for ./assets/node_modules/@react-navigation/elements/lib/commonjs/assets/close-icon@3x.png
2025-03-19 10:52:44 +0000  copying file ./assets/node_modules/@react-navigation/elements/lib/commonjs/assets/clear-icon.png ... 
2025-03-19 10:52:44 +0000  220 bytes for ./assets/node_modules/@react-navigation/elements/lib/commonjs/assets/clear-icon.png
2025-03-19 10:52:44 +0000  copying file ./assets/node_modules/@react-navigation/elements/lib/commonjs/assets/search-icon.png ... 
2025-03-19 10:52:44 +0000  317 bytes for ./assets/node_modules/@react-navigation/elements/lib/commonjs/assets/search-icon.png
2025-03-19 10:52:44 +0000  copying file ./assets/node_modules/react-native-dropdown-picker/src/themes/light/icons/tick.png ... 
2025-03-19 10:52:44 +0000  1214 bytes for ./assets/node_modules/react-native-dropdown-picker/src/themes/light/icons/tick.png
2025-03-19 10:52:44 +0000  copying file ./assets/node_modules/react-native-dropdown-picker/src/themes/light/icons/arrow-down.png ... 
2025-03-19 10:52:44 +0000  522 bytes for ./assets/node_modules/react-native-dropdown-picker/src/themes/light/icons/arrow-down.png
2025-03-19 10:52:44 +0000  copying file ./assets/node_modules/react-native-dropdown-picker/src/themes/light/icons/arrow-up.png ... 
2025-03-19 10:52:44 +0000  807 bytes for ./assets/node_modules/react-native-dropdown-picker/src/themes/light/icons/arrow-up.png
2025-03-19 10:52:44 +0000  copying file ./assets/node_modules/react-native-dropdown-picker/src/themes/light/icons/close.png ... 
2025-03-19 10:52:44 +0000  338 bytes for ./assets/node_modules/react-native-dropdown-picker/src/themes/light/icons/close.png
2025-03-19 10:52:44 +0000  copying file ./assets/node_modules/react-native-dropdown-picker/src/themes/dark/icons/tick.png ... 
2025-03-19 10:52:44 +0000  15772 bytes for ./assets/node_modules/react-native-dropdown-picker/src/themes/dark/icons/tick.png
2025-03-19 10:52:44 +0000  copying file ./assets/node_modules/react-native-dropdown-picker/src/themes/dark/icons/arrow-down.png ... 
2025-03-19 10:52:44 +0000  15367 bytes for ./assets/node_modules/react-native-dropdown-picker/src/themes/dark/icons/arrow-down.png
2025-03-19 10:52:44 +0000  copying file ./assets/node_modules/react-native-dropdown-picker/src/themes/dark/icons/arrow-up.png ... 
2025-03-19 10:52:44 +0000  15500 bytes for ./assets/node_modules/react-native-dropdown-picker/src/themes/dark/icons/arrow-up.png
2025-03-19 10:52:44 +0000  copying file ./assets/node_modules/react-native-dropdown-picker/src/themes/dark/icons/close.png ... 
2025-03-19 10:52:44 +0000  15449 bytes for ./assets/node_modules/react-native-dropdown-picker/src/themes/dark/icons/close.png
2025-03-19 10:52:44 +0000  copying file ./assets/node_modules/react-native-calendars/src/calendar/img/previous@2x.png ... 
2025-03-19 10:52:44 +0000  458 bytes for ./assets/node_modules/react-native-calendars/src/calendar/img/previous@2x.png
2025-03-19 10:52:44 +0000  copying file ./assets/node_modules/react-native-calendars/src/calendar/img/next@2x.png ... 
2025-03-19 10:52:44 +0000  462 bytes for ./assets/node_modules/react-native-calendars/src/calendar/img/next@2x.png
2025-03-19 10:52:44 +0000  copying file ./assets/node_modules/react-native-calendars/src/img/down@3x.png ... 
2025-03-19 10:52:44 +0000  508 bytes for ./assets/node_modules/react-native-calendars/src/img/down@3x.png
2025-03-19 10:52:44 +0000  copying file ./assets/node_modules/react-native-calendars/src/img/down@2x.png ... 
2025-03-19 10:52:44 +0000  354 bytes for ./assets/node_modules/react-native-calendars/src/img/down@2x.png
2025-03-19 10:52:44 +0000  copying file ./assets/node_modules/react-native-calendars/src/img/up.png ... 
2025-03-19 10:52:44 +0000  215 bytes for ./assets/node_modules/react-native-calendars/src/img/up.png
2025-03-19 10:52:44 +0000  copying file ./assets/node_modules/react-native-calendars/src/img/down.png ... 
2025-03-19 10:52:44 +0000  208 bytes for ./assets/node_modules/react-native-calendars/src/img/down.png
2025-03-19 10:52:44 +0000  copying file ./assets/node_modules/react-native-calendars/src/img/up@2x.png ... 
2025-03-19 10:52:44 +0000  347 bytes for ./assets/node_modules/react-native-calendars/src/img/up@2x.png
2025-03-19 10:52:44 +0000  copying file ./assets/node_modules/react-native-calendars/src/img/up@3x.png ... 
2025-03-19 10:52:44 +0000  504 bytes for ./assets/node_modules/react-native-calendars/src/img/up@3x.png
2025-03-19 10:52:44 +0000  copying file ./assets/src/Screen/Messaging/sendnew.png ... 
2025-03-19 10:52:44 +0000  983 bytes for ./assets/src/Screen/Messaging/sendnew.png
2025-03-19 10:52:44 +0000  copying file ./assets/src/Screen/Messaging/attachednew.png ... 
2025-03-19 10:52:44 +0000  2360 bytes for ./assets/src/Screen/Messaging/attachednew.png
2025-03-19 10:52:44 +0000  copying file ./assets/src/Screen/Messaging/crossed.png ... 
2025-03-19 10:52:44 +0000  8649 bytes for ./assets/src/Screen/Messaging/crossed.png
2025-03-19 10:52:44 +0000  copying file ./assets/src/Global/Images/leadershiprank.png ... 
2025-03-19 10:52:44 +0000  1320 bytes for ./assets/src/Global/Images/leadershiprank.png
2025-03-19 10:52:44 +0000  copying file ./assets/src/Global/Images/sms.png ... 
2025-03-19 10:52:44 +0000  1894 bytes for ./assets/src/Global/Images/sms.png
2025-03-19 10:52:44 +0000  copying file ./assets/src/Global/Images/background2.png ... 
2025-03-19 10:52:44 +0000  219586 bytes for ./assets/src/Global/Images/background2.png
2025-03-19 10:52:44 +0000  copying file ./assets/src/Global/Images/Starred.png ... 
2025-03-19 10:52:44 +0000  1492 bytes for ./assets/src/Global/Images/Starred.png
2025-03-19 10:52:44 +0000  copying file ./assets/src/Global/Images/goal1.png ... 
2025-03-19 10:52:44 +0000  140494 bytes for ./assets/src/Global/Images/goal1.png
2025-03-19 10:52:44 +0000  copying file ./assets/src/Global/Images/background3.png ... 
2025-03-19 10:52:44 +0000  221120 bytes for ./assets/src/Global/Images/background3.png
2025-03-19 10:52:44 +0000  copying file ./assets/src/Global/Images/background1.png ... 
2025-03-19 10:52:44 +0000  194628 bytes for ./assets/src/Global/Images/background1.png
2025-03-19 10:52:44 +0000  copying file ./assets/src/Global/Images/goal2.png ... 
2025-03-19 10:52:44 +0000  131940 bytes for ./assets/src/Global/Images/goal2.png
2025-03-19 10:52:44 +0000  copying file ./assets/src/Global/Images/pdfimage.png ... 
2025-03-19 10:52:44 +0000  1287 bytes for ./assets/src/Global/Images/pdfimage.png
2025-03-19 10:52:44 +0000  copying file ./assets/src/Global/Images/lock.png ... 
2025-03-19 10:52:44 +0000  2027 bytes for ./assets/src/Global/Images/lock.png
2025-03-19 10:52:44 +0000  copying file ./assets/src/Global/Images/reportbackground.png ... 
2025-03-19 10:52:44 +0000  130701 bytes for ./assets/src/Global/Images/reportbackground.png
2025-03-19 10:52:44 +0000  copying file ./assets/src/Global/Images/willLogoImage.png ... 
2025-03-19 10:52:44 +0000  2682 bytes for ./assets/src/Global/Images/willLogoImage.png
2025-03-19 10:52:44 +0000  copying file ./assets/src/Global/Images/GroupMembers.png ... 
2025-03-19 10:52:44 +0000  4594 bytes for ./assets/src/Global/Images/GroupMembers.png
2025-03-19 10:52:44 +0000  copying file ./assets/src/Global/Images/user.png ... 
2025-03-19 10:52:44 +0000  2098 bytes for ./assets/src/Global/Images/user.png
2025-03-19 10:52:44 +0000  copying file ./assets/src/Global/Images/walletBackground.png ... 
2025-03-19 10:52:44 +0000  139617 bytes for ./assets/src/Global/Images/walletBackground.png
2025-03-19 10:52:44 +0000  copying file ./assets/src/Global/Images/showeye.png ... 
2025-03-19 10:52:44 +0000  627 bytes for ./assets/src/Global/Images/showeye.png
2025-03-19 10:52:44 +0000  copying file ./assets/src/Global/Images/calendar.png ... 
2025-03-19 10:52:44 +0000  1926 bytes for ./assets/src/Global/Images/calendar.png
2025-03-19 10:52:44 +0000  copying file ./assets/src/Global/Images/Profile.png ... 
2025-03-19 10:52:44 +0000  5650 bytes for ./assets/src/Global/Images/Profile.png
2025-03-19 10:52:44 +0000  copying file ./assets/src/Global/Images/goalcreatewill.png ... 
2025-03-19 10:52:44 +0000  1681 bytes for ./assets/src/Global/Images/goalcreatewill.png
2025-03-19 10:52:44 +0000  copying file ./assets/src/Global/Images/lockwill.png ... 
2025-03-19 10:52:44 +0000  1046 bytes for ./assets/src/Global/Images/lockwill.png
2025-03-19 10:52:44 +0000  copying file ./assets/src/Global/Images/notifywill.png ... 
2025-03-19 10:52:44 +0000  857 bytes for ./assets/src/Global/Images/notifywill.png
2025-03-19 10:52:44 +0000  copying file ./assets/src/Global/Images/QuoteOfTheDay.png ... 
2025-03-19 10:52:44 +0000  3591 bytes for ./assets/src/Global/Images/QuoteOfTheDay.png
2025-03-19 10:52:44 +0000  copying file ./assets/src/Global/Images/image1.png ... 
2025-03-19 10:52:44 +0000  2298517 bytes for ./assets/src/Global/Images/image1.png
2025-03-19 10:52:44 +0000  copying file ./assets/src/Global/Images/ElipticalProfile.png ... 
5266 bytes for ./assets/src/Global/Images/ElipticalProfile.png
copying file ./assets/src/Global/Images/avatarno.png ... 
2025-03-19 10:52:44 +0000  1212 bytes for ./assets/src/Global/Images/avatarno.png
2025-03-19 10:52:44 +0000  copying file ./assets/src/Global/Images/eye-slash.png ... 
2025-03-19 10:52:44 +0000  2385 bytes for ./assets/src/Global/Images/eye-slash.png
2025-03-19 10:52:44 +0000  copying file ./assets/src/Global/Images/logoMain.png ... 
2025-03-19 10:52:44 +0000  63898 bytes for ./assets/src/Global/Images/logoMain.png
2025-03-19 10:52:44 +0000  copying file ./assets/src/Global/Images/image2.png ... 
2025-03-19 10:52:44 +0000  3190439 bytes for ./assets/src/Global/Images/image2.png
2025-03-19 10:52:44 +0000  copying file ./assets/src/Global/Images/image.png ... 
2025-03-19 10:52:44 +0000  134594 bytes for ./assets/src/Global/Images/image.png
2025-03-19 10:52:44 +0000  copying file ./assets/src/Global/Images/QuoteBg.png ... 
2025-03-19 10:52:44 +0000  12439 bytes for ./assets/src/Global/Images/QuoteBg.png
2025-03-19 10:52:44 +0000  copying file ./assets/src/Global/Images/image3.png ... 
2025-03-19 10:52:44 +0000  2497200 bytes for ./assets/src/Global/Images/image3.png
2025-03-19 10:52:44 +0000  copying file ./Poppins-Thin.ttf ... 
2025-03-19 10:52:44 +0000  161652 bytes for ./Poppins-Thin.ttf
2025-03-19 10:52:44 +0000  copying file ./Poppins-SemiBold.ttf ... 
2025-03-19 10:52:44 +0000  155232 bytes for ./Poppins-SemiBold.ttf
2025-03-19 10:52:44 +0000  copying file ./Poppins-Italic.ttf ... 
2025-03-19 10:52:44 +0000  182012 bytes for ./Poppins-Italic.ttf
2025-03-19 10:52:44 +0000  copying file ./Info.plist ... 
2025-03-19 10:52:44 +0000  4155 bytes for ./Info.plist
2025-03-19 10:52:44 +0000  copying file ./RNCAsyncStorage_resources.bundle/PrivacyInfo.xcprivacy ... 
2025-03-19 10:52:44 +0000  512 bytes for ./RNCAsyncStorage_resources.bundle/PrivacyInfo.xcprivacy
2025-03-19 10:52:44 +0000  copying file ./RNCAsyncStorage_resources.bundle/Info.plist ... 
2025-03-19 10:52:44 +0000  798 bytes for ./RNCAsyncStorage_resources.bundle/Info.plist
2025-03-19 10:52:44 +0000  copying file ./PkgInfo ... 
2025-03-19 10:52:44 +0000  8 bytes for ./PkgInfo
2025-03-19 10:52:44 +0000  copying file ./React-Core_privacy.bundle/PrivacyInfo.xcprivacy ... 
2025-03-19 10:52:44 +0000  768 bytes for ./React-Core_privacy.bundle/PrivacyInfo.xcprivacy
2025-03-19 10:52:44 +0000  copying file ./React-Core_privacy.bundle/Info.plist ... 
2025-03-19 10:52:44 +0000  785 bytes for ./React-Core_privacy.bundle/Info.plist
2025-03-19 10:52:44 +0000  copying file ./Poppins-MediumItalic.ttf ... 
2025-03-19 10:52:44 +0000  180444 bytes for ./Poppins-MediumItalic.ttf
2025-03-19 10:52:44 +0000  /usr/bin/ditto exited with 0
2025-03-19 10:52:44 +0000  Processing step: IDEDistributionEmbedProfileStep
2025-03-19 10:52:44 +0000  Skipping profile for item: <IDEDistributionItem: 0x6000346daf40; bundleID='dev.hermesengine.iphoneos', path='<DVTFilePath:0x6000289bca80:'/Users/adityagupta/Library/Developer/Xcode/Archives/2025-03-19/Will 19-03-25, 4.21 PM.xcarchive/Products/Applications/Will.app/Frameworks/hermes.framework'>', codeSigningInfo='<_DVTCodeSigningInformation_Path: 0x6000305d84b0; isSigned='1', isAdHocSigned='0', signingCertificate='<DVTSigningCertificate: 0x6000058a36c0; name='Apple Development: Vibhuti Sharma (4J2RJJ8FFR)', hash='7DC902E30BDD7E17DA8876C5C28CFD76077BACDF', serialNumber='5E2166C36B49582DCFBBE3E3AD91200C', certificateKinds='(
    "1.2.840.113635.100.6.1.12",
    "1.2.840.113635.100.6.1.2"
), issueDate='2024-05-14 09:26:23 +0000''>', entitlements='(null)', teamID='NZ2QNUW4C3', identifier='dev.hermesengine.iphoneos', executablePath='<DVTFilePath:0x6000308048a0:'/Users/adityagupta/Library/Developer/Xcode/Archives/2025-03-19/Will 19-03-25, 4.21 PM.xcarchive/Products/Applications/Will.app/Frameworks/hermes.framework/hermes'>', hardenedRuntime='0'>'>
2025-03-19 10:52:44 +0000  Processing step: IDEDistributionInfoPlistStep
2025-03-19 10:52:44 +0000  Skipping step: IDEDistributionInfoPlistStep because it said so
2025-03-19 10:52:44 +0000  Skipping step: IDEDistributionInfoPlistStep because it said so
2025-03-19 10:52:44 +0000  Processing step: IDEDistributionAppThinningPlistStep
2025-03-19 10:52:44 +0000  Skipping step: IDEDistributionAppThinningPlistStep because it said so
2025-03-19 10:52:44 +0000  Processing step: IDEDistributionCompileBitcodeStep
2025-03-19 10:52:44 +0000  Skipping step: IDEDistributionCompileBitcodeStep because it said so
2025-03-19 10:52:44 +0000  Processing step: IDEDistributionCodeSlimmingStep
2025-03-19 10:52:44 +0000  Processing step: IDEDistributionCopyBCSymbolMapsStep
2025-03-19 10:52:44 +0000  Skipping step: IDEDistributionCopyBCSymbolMapsStep because it said so
2025-03-19 10:52:44 +0000  Skipping step: IDEDistributionCopyBCSymbolMapsStep because it said so
2025-03-19 10:52:44 +0000  Processing step: IDEDistributionSymbolsStep
2025-03-19 10:52:44 +0000  Skipping step: IDEDistributionSymbolsStep because it said so
2025-03-19 10:52:44 +0000  Skipping step: IDEDistributionSymbolsStep because it said so
2025-03-19 10:52:44 +0000  Processing step: IDEDistributionAppThinningStep
2025-03-19 10:52:44 +0000  Skipping step: IDEDistributionAppThinningStep because it said so
2025-03-19 10:52:44 +0000  Processing step: IDEDistributionArchThinningStep
2025-03-19 10:52:44 +0000  Running /Applications/Xcode.app/Contents/Developer/Toolchains/XcodeDefault.xctoolchain/usr/bin/lipo '/var/folders/cs/0fp5y22j5pndwv68xy6ylfx00000gn/T/XcodeDistPipeline.~~~ovqatX/Root/Payload/Will.app/Frameworks/hermes.framework/hermes' '-verify_arch' 'arm64e'
2025-03-19 10:52:44 +0000  /Applications/Xcode.app/Contents/Developer/Toolchains/XcodeDefault.xctoolchain/usr/bin/lipo exited with 1
2025-03-19 10:52:44 +0000  Skipping architecture thinning for item "hermes" because arch "arm64e" wasn't found
2025-03-19 10:52:44 +0000  Running /Applications/Xcode.app/Contents/Developer/Toolchains/XcodeDefault.xctoolchain/usr/bin/lipo '/var/folders/cs/0fp5y22j5pndwv68xy6ylfx00000gn/T/XcodeDistPipeline.~~~ovqatX/Root/Payload/Will.app/Will' '-verify_arch' 'arm64e'
2025-03-19 10:52:44 +0000  /Applications/Xcode.app/Contents/Developer/Toolchains/XcodeDefault.xctoolchain/usr/bin/lipo exited with 1
2025-03-19 10:52:44 +0000  Skipping architecture thinning for item "Will" because arch "arm64e" wasn't found
2025-03-19 10:52:44 +0000  Processing step: IDEDistributionODRStep
2025-03-19 10:52:44 +0000  Processing step: IDEDistributionStripXattrsStep
2025-03-19 10:52:44 +0000  Skipping stripping extended attributes of item: <IDEDistributionItem: 0x6000346daf40; bundleID='dev.hermesengine.iphoneos', path='<DVTFilePath:0x6000289bca80:'/Users/adityagupta/Library/Developer/Xcode/Archives/2025-03-19/Will 19-03-25, 4.21 PM.xcarchive/Products/Applications/Will.app/Frameworks/hermes.framework'>', codeSigningInfo='<_DVTCodeSigningInformation_Path: 0x6000305d84b0; isSigned='1', isAdHocSigned='0', signingCertificate='<DVTSigningCertificate: 0x6000058a36c0; name='Apple Development: Vibhuti Sharma (4J2RJJ8FFR)', hash='7DC902E30BDD7E17DA8876C5C28CFD76077BACDF', serialNumber='5E2166C36B49582DCFBBE3E3AD91200C', certificateKinds='(
    "1.2.840.113635.100.6.1.12",
    "1.2.840.113635.100.6.1.2"
), issueDate='2024-05-14 09:26:23 +0000''>', entitlements='(null)', teamID='NZ2QNUW4C3', identifier='dev.hermesengine.iphoneos', executablePath='<DVTFilePath:0x6000308048a0:'/Users/adityagupta/Library/Developer/Xcode/Archives/2025-03-19/Will 19-03-25, 4.21 PM.xcarchive/Products/Applications/Will.app/Frameworks/hermes.framework/hermes'>', hardenedRuntime='0'>'>
2025-03-19 10:52:44 +0000  Running /usr/bin/xattr '-crs' '/var/folders/cs/0fp5y22j5pndwv68xy6ylfx00000gn/T/XcodeDistPipeline.~~~ovqatX/Root/Payload/Will.app'
2025-03-19 10:52:44 +0000  /usr/bin/xattr exited with 0
2025-03-19 10:52:44 +0000  Processing step: IDEDistributionCodesignStep
2025-03-19 10:52:44 +0000  Entitlements for <IDEDistributionItem: 0x6000346daf40; bundleID='dev.hermesengine.iphoneos', path='<DVTFilePath:0x6000289bca80:'/Users/adityagupta/Library/Developer/Xcode/Archives/2025-03-19/Will 19-03-25, 4.21 PM.xcarchive/Products/Applications/Will.app/Frameworks/hermes.framework'>', codeSigningInfo='<_DVTCodeSigningInformation_Path: 0x6000305d84b0; isSigned='1', isAdHocSigned='0', signingCertificate='<DVTSigningCertificate: 0x6000057fc540; name='Apple Development: Vibhuti Sharma (4J2RJJ8FFR)', hash='7DC902E30BDD7E17DA8876C5C28CFD76077BACDF', serialNumber='5E2166C36B49582DCFBBE3E3AD91200C', certificateKinds='(
    "1.2.840.113635.100.6.1.12",
    "1.2.840.113635.100.6.1.2"
), issueDate='2024-05-14 09:26:23 +0000''>', entitlements='(null)', teamID='NZ2QNUW4C3', identifier='dev.hermesengine.iphoneos', executablePath='<DVTFilePath:0x6000308048a0:'/Users/adityagupta/Library/Developer/Xcode/Archives/2025-03-19/Will 19-03-25, 4.21 PM.xcarchive/Products/Applications/Will.app/Frameworks/hermes.framework/hermes'>', hardenedRuntime='0'>'>: {
}
2025-03-19 10:52:44 +0000  Associated App Clip Identifiers Filter: Skipping because "com.apple.developer.associated-appclip-app-identifiers" is not present
2025-03-19 10:52:44 +0000  Entitlements for <IDEDistributionItem: 0x6000346daf40; bundleID='dev.hermesengine.iphoneos', path='<DVTFilePath:0x6000289bca80:'/Users/adityagupta/Library/Developer/Xcode/Archives/2025-03-19/Will 19-03-25, 4.21 PM.xcarchive/Products/Applications/Will.app/Frameworks/hermes.framework'>', codeSigningInfo='<_DVTCodeSigningInformation_Path: 0x6000305d84b0; isSigned='1', isAdHocSigned='0', signingCertificate='<DVTSigningCertificate: 0x6000058a36c0; name='Apple Development: Vibhuti Sharma (4J2RJJ8FFR)', hash='7DC902E30BDD7E17DA8876C5C28CFD76077BACDF', serialNumber='5E2166C36B49582DCFBBE3E3AD91200C', certificateKinds='(
    "1.2.840.113635.100.6.1.12",
    "1.2.840.113635.100.6.1.2"
), issueDate='2024-05-14 09:26:23 +0000''>', entitlements='(null)', teamID='NZ2QNUW4C3', identifier='dev.hermesengine.iphoneos', executablePath='<DVTFilePath:0x6000308048a0:'/Users/adityagupta/Library/Developer/Xcode/Archives/2025-03-19/Will 19-03-25, 4.21 PM.xcarchive/Products/Applications/Will.app/Frameworks/hermes.framework/hermes'>', hardenedRuntime='0'>'> are: {
}
2025-03-19 10:52:44 +0000  Writing entitlements for <IDEDistributionItem: 0x6000346daf40; bundleID='dev.hermesengine.iphoneos', path='<DVTFilePath:0x6000289bca80:'/Users/adityagupta/Library/Developer/Xcode/Archives/2025-03-19/Will 19-03-25, 4.21 PM.xcarchive/Products/Applications/Will.app/Frameworks/hermes.framework'>', codeSigningInfo='<_DVTCodeSigningInformation_Path: 0x6000305d84b0; isSigned='1', isAdHocSigned='0', signingCertificate='<DVTSigningCertificate: 0x6000058a21c0; name='Apple Development: Vibhuti Sharma (4J2RJJ8FFR)', hash='7DC902E30BDD7E17DA8876C5C28CFD76077BACDF', serialNumber='5E2166C36B49582DCFBBE3E3AD91200C', certificateKinds='(
    "1.2.840.113635.100.6.1.12",
    "1.2.840.113635.100.6.1.2"
), issueDate='2024-05-14 09:26:23 +0000''>', entitlements='(null)', teamID='NZ2QNUW4C3', identifier='dev.hermesengine.iphoneos', executablePath='<DVTFilePath:0x6000308048a0:'/Users/adityagupta/Library/Developer/Xcode/Archives/2025-03-19/Will 19-03-25, 4.21 PM.xcarchive/Products/Applications/Will.app/Frameworks/hermes.framework/hermes'>', hardenedRuntime='0'>'> to: /var/folders/cs/0fp5y22j5pndwv68xy6ylfx00000gn/T/XcodeDistPipeline.~~~ovqatX/entitlements~~~XMdE1c
2025-03-19 10:52:44 +0000  Running /usr/bin/codesign '-vvv' '--force' '--sign' '7DC902E30BDD7E17DA8876C5C28CFD76077BACDF' '--entitlements' '/var/folders/cs/0fp5y22j5pndwv68xy6ylfx00000gn/T/XcodeDistPipeline.~~~ovqatX/entitlements~~~XMdE1c' '--generate-entitlement-der' '--preserve-metadata=identifier,flags,runtime' '/var/folders/cs/0fp5y22j5pndwv68xy6ylfx00000gn/T/XcodeDistPipeline.~~~ovqatX/Root/Payload/Will.app/Frameworks/hermes.framework'
2025-03-19 10:52:44 +0000  /var/folders/cs/0fp5y22j5pndwv68xy6ylfx00000gn/T/XcodeDistPipeline.~~~ovqatX/Root/Payload/Will.app/Frameworks/hermes.framework: replacing existing signature
2025-03-19 10:52:44 +0000  /var/folders/cs/0fp5y22j5pndwv68xy6ylfx00000gn/T/XcodeDistPipeline.~~~ovqatX/Root/Payload/Will.app/Frameworks/hermes.framework: signed bundle with Mach-O thin (arm64) [dev.hermesengine.iphoneos]
2025-03-19 10:52:44 +0000  /usr/bin/codesign exited with 0
2025-03-19 10:52:44 +0000  Entitlements for <IDEDistributionItem: 0x6000346e40c0; bundleID='org.reactjs.native.example.Will', path='<DVTFilePath:0x600020b17170:'/Users/adityagupta/Library/Developer/Xcode/Archives/2025-03-19/Will 19-03-25, 4.21 PM.xcarchive/Products/Applications/Will.app'>', codeSigningInfo='<_DVTCodeSigningInformation_Path: 0x60003427afd0; isSigned='1', isAdHocSigned='0', signingCertificate='<DVTSigningCertificate: 0x6000058a21c0; name='Apple Development: Vibhuti Sharma (4J2RJJ8FFR)', hash='7DC902E30BDD7E17DA8876C5C28CFD76077BACDF', serialNumber='5E2166C36B49582DCFBBE3E3AD91200C', certificateKinds='(
    "1.2.840.113635.100.6.1.12",
    "1.2.840.113635.100.6.1.2"
), issueDate='2024-05-14 09:26:23 +0000''>', entitlements='{
    "application-identifier" = "NZ2QNUW4C3.org.reactjs.native.example.Will";
    "aps-environment" = development;
    "com.apple.developer.team-identifier" = NZ2QNUW4C3;
    "get-task-allow" = 1;
}', teamID='NZ2QNUW4C3', identifier='org.reactjs.native.example.Will', executablePath='<DVTFilePath:0x6000346e4180:'/Users/adityagupta/Library/Developer/Xcode/Archives/2025-03-19/Will 19-03-25, 4.21 PM.xcarchive/Products/Applications/Will.app/Will'>', hardenedRuntime='0'>'>: {
    "application-identifier" = "NZ2QNUW4C3.org.reactjs.native.example.Will";
    "aps-environment" = development;
    "com.apple.developer.team-identifier" = NZ2QNUW4C3;
    "get-task-allow" = 1;
}
2025-03-19 10:52:44 +0000  Associated App Clip Identifiers Filter: Skipping because "com.apple.developer.associated-appclip-app-identifiers" is not present
2025-03-19 10:52:44 +0000  Entitlements for <IDEDistributionItem: 0x6000346e40c0; bundleID='org.reactjs.native.example.Will', path='<DVTFilePath:0x600020b17170:'/Users/adityagupta/Library/Developer/Xcode/Archives/2025-03-19/Will 19-03-25, 4.21 PM.xcarchive/Products/Applications/Will.app'>', codeSigningInfo='<_DVTCodeSigningInformation_Path: 0x60003427afd0; isSigned='1', isAdHocSigned='0', signingCertificate='<DVTSigningCertificate: 0x6000057fd440; name='Apple Development: Vibhuti Sharma (4J2RJJ8FFR)', hash='7DC902E30BDD7E17DA8876C5C28CFD76077BACDF', serialNumber='5E2166C36B49582DCFBBE3E3AD91200C', certificateKinds='(
    "1.2.840.113635.100.6.1.12",
    "1.2.840.113635.100.6.1.2"
), issueDate='2024-05-14 09:26:23 +0000''>', entitlements='{
    "application-identifier" = "NZ2QNUW4C3.org.reactjs.native.example.Will";
    "aps-environment" = development;
    "com.apple.developer.team-identifier" = NZ2QNUW4C3;
    "get-task-allow" = 1;
}', teamID='NZ2QNUW4C3', identifier='org.reactjs.native.example.Will', executablePath='<DVTFilePath:0x6000346e4180:'/Users/adityagupta/Library/Developer/Xcode/Archives/2025-03-19/Will 19-03-25, 4.21 PM.xcarchive/Products/Applications/Will.app/Will'>', hardenedRuntime='0'>'> are: {
    "application-identifier" = "NZ2QNUW4C3.org.reactjs.native.example.Will";
    "aps-environment" = development;
    "com.apple.developer.team-identifier" = NZ2QNUW4C3;
    "get-task-allow" = 1;
}
2025-03-19 10:52:44 +0000  Writing entitlements for <IDEDistributionItem: 0x6000346e40c0; bundleID='org.reactjs.native.example.Will', path='<DVTFilePath:0x600020b17170:'/Users/adityagupta/Library/Developer/Xcode/Archives/2025-03-19/Will 19-03-25, 4.21 PM.xcarchive/Products/Applications/Will.app'>', codeSigningInfo='<_DVTCodeSigningInformation_Path: 0x60003427afd0; isSigned='1', isAdHocSigned='0', signingCertificate='<DVTSigningCertificate: 0x6000057e4e40; name='Apple Development: Vibhuti Sharma (4J2RJJ8FFR)', hash='7DC902E30BDD7E17DA8876C5C28CFD76077BACDF', serialNumber='5E2166C36B49582DCFBBE3E3AD91200C', certificateKinds='(
    "1.2.840.113635.100.6.1.12",
    "1.2.840.113635.100.6.1.2"
), issueDate='2024-05-14 09:26:23 +0000''>', entitlements='{
    "application-identifier" = "NZ2QNUW4C3.org.reactjs.native.example.Will";
    "aps-environment" = development;
    "com.apple.developer.team-identifier" = NZ2QNUW4C3;
    "get-task-allow" = 1;
}', teamID='NZ2QNUW4C3', identifier='org.reactjs.native.example.Will', executablePath='<DVTFilePath:0x6000346e4180:'/Users/adityagupta/Library/Developer/Xcode/Archives/2025-03-19/Will 19-03-25, 4.21 PM.xcarchive/Products/Applications/Will.app/Will'>', hardenedRuntime='0'>'> to: /var/folders/cs/0fp5y22j5pndwv68xy6ylfx00000gn/T/XcodeDistPipeline.~~~ovqatX/entitlements~~~P6ny8v
2025-03-19 10:52:44 +0000  Running /usr/bin/codesign '-vvv' '--force' '--sign' '7DC902E30BDD7E17DA8876C5C28CFD76077BACDF' '--entitlements' '/var/folders/cs/0fp5y22j5pndwv68xy6ylfx00000gn/T/XcodeDistPipeline.~~~ovqatX/entitlements~~~P6ny8v' '--generate-entitlement-der' '--preserve-metadata=identifier,flags,runtime' '/var/folders/cs/0fp5y22j5pndwv68xy6ylfx00000gn/T/XcodeDistPipeline.~~~ovqatX/Root/Payload/Will.app'
2025-03-19 10:52:44 +0000  /var/folders/cs/0fp5y22j5pndwv68xy6ylfx00000gn/T/XcodeDistPipeline.~~~ovqatX/Root/Payload/Will.app: replacing existing signature
2025-03-19 10:52:44 +0000  /var/folders/cs/0fp5y22j5pndwv68xy6ylfx00000gn/T/XcodeDistPipeline.~~~ovqatX/Root/Payload/Will.app: signed app bundle with Mach-O thin (arm64) [org.reactjs.native.example.Will]
2025-03-19 10:52:44 +0000  /usr/bin/codesign exited with 0
2025-03-19 10:52:44 +0000  Processing step: IDEDistributionZipODRItemStep
2025-03-19 10:52:44 +0000  Skipping step: IDEDistributionZipODRItemStep because it said so
2025-03-19 10:52:44 +0000  Skipping step: IDEDistributionZipODRItemStep because it said so
2025-03-19 10:52:44 +0000  Processing step: IDEDistributionCreateIPAStep
2025-03-19 10:52:44 +0000  Running /usr/bin/ditto '-V' '-c' '-k' '--norsrc' '/var/folders/cs/0fp5y22j5pndwv68xy6ylfx00000gn/T/XcodeDistPipeline.~~~ovqatX/Root' '/var/folders/cs/0fp5y22j5pndwv68xy6ylfx00000gn/T/XcodeDistPipeline.~~~ovqatX/Packages/Will.ipa'
2025-03-19 10:52:44 +0000  >>> Copying /var/folders/cs/0fp5y22j5pndwv68xy6ylfx00000gn/T/XcodeDistPipeline.~~~ovqatX/Root 
2025-03-19 10:52:44 +0000  copying file ./Payload/Will.app/_CodeSignature/CodeResources ... 
2025-03-19 10:52:44 +0000  39809 bytes for ./Payload/Will.app/_CodeSignature/CodeResources
2025-03-19 10:52:44 +0000  copying file ./Payload/Will.app/FirebaseCore_Privacy.bundle/PrivacyInfo.xcprivacy ... 
2025-03-19 10:52:44 +0000  855 bytes for ./Payload/Will.app/FirebaseCore_Privacy.bundle/PrivacyInfo.xcprivacy
2025-03-19 10:52:44 +0000  copying file ./Payload/Will.app/FirebaseCore_Privacy.bundle/Info.plist ... 
2025-03-19 10:52:44 +0000  789 bytes for ./Payload/Will.app/FirebaseCore_Privacy.bundle/Info.plist
2025-03-19 10:52:44 +0000  copying file ./Payload/Will.app/Poppins-ExtraLight.ttf ... 
2025-03-19 10:52:44 +0000  161456 bytes for ./Payload/Will.app/Poppins-ExtraLight.ttf
2025-03-19 10:52:44 +0000  copying file ./Payload/Will.app/FirebaseFirestore_Privacy.bundle/PrivacyInfo.xcprivacy ... 
2025-03-19 10:52:44 +0000  1105 bytes for ./Payload/Will.app/FirebaseFirestore_Privacy.bundle/PrivacyInfo.xcprivacy
2025-03-19 10:52:44 +0000  copying file ./Payload/Will.app/FirebaseFirestore_Privacy.bundle/Info.plist ... 
2025-03-19 10:52:44 +0000  799 bytes for ./Payload/Will.app/FirebaseFirestore_Privacy.bundle/Info.plist
2025-03-19 10:52:44 +0000  copying file ./Payload/Will.app/Poppins-ThinItalic.ttf ... 
2025-03-19 10:52:44 +0000  187044 bytes for ./Payload/Will.app/Poppins-ThinItalic.ttf
2025-03-19 10:52:44 +0000  copying file ./Payload/Will.app/gRPCCertificates-Cpp.bundle/roots.pem ... 
2025-03-19 10:52:44 +0000  264440 bytes for ./Payload/Will.app/gRPCCertificates-Cpp.bundle/roots.pem
2025-03-19 10:52:44 +0000  copying file ./Payload/Will.app/gRPCCertificates-Cpp.bundle/Info.plist ... 
2025-03-19 10:52:44 +0000  789 bytes for ./Payload/Will.app/gRPCCertificates-Cpp.bundle/Info.plist
copying file ./Payload/Will.app/Poppins-ExtraLightItalic.ttf ... 
2025-03-19 10:52:44 +0000  186168 bytes for ./Payload/Will.app/Poppins-ExtraLightItalic.ttf
copying file ./Payload/Will.app/Poppins-BoldItalic.ttf ... 
2025-03-19 10:52:44 +0000  176588 bytes for ./Payload/Will.app/Poppins-BoldItalic.ttf
2025-03-19 10:52:44 +0000  copying file ./Payload/Will.app/Poppins-Light.ttf ... 
2025-03-19 10:52:44 +0000  159892 bytes for ./Payload/Will.app/Poppins-Light.ttf
2025-03-19 10:52:44 +0000  copying file ./Payload/Will.app/Poppins-Medium.ttf ... 
2025-03-19 10:52:44 +0000  156520 bytes for ./Payload/Will.app/Poppins-Medium.ttf
2025-03-19 10:52:44 +0000  copying file ./Payload/Will.app/glog_privacy.bundle/Info.plist ... 
2025-03-19 10:52:44 +0000  770 bytes for ./Payload/Will.app/glog_privacy.bundle/Info.plist
2025-03-19 10:52:44 +0000  copying file ./Payload/Will.app/AppIcon60x60@2x.png ... 
2025-03-19 10:52:44 +0000  14005 bytes for ./Payload/Will.app/AppIcon60x60@2x.png
2025-03-19 10:52:44 +0000  copying file ./Payload/Will.app/grpcpp.bundle/PrivacyInfo.xcprivacy ... 
599 bytes for ./Payload/Will.app/grpcpp.bundle/PrivacyInfo.xcprivacy
copying file ./Payload/Will.app/grpcpp.bundle/Info.plist ... 
2025-03-19 10:52:44 +0000  759 bytes for ./Payload/Will.app/grpcpp.bundle/Info.plist
2025-03-19 10:52:44 +0000  copying file ./Payload/Will.app/Poppins-SemiBoldItalic.ttf ... 
2025-03-19 10:52:44 +0000  178584 bytes for ./Payload/Will.app/Poppins-SemiBoldItalic.ttf
2025-03-19 10:52:44 +0000  copying file ./Payload/Will.app/FirebaseCoreInternal_Privacy.bundle/PrivacyInfo.xcprivacy ... 
2025-03-19 10:52:44 +0000  855 bytes for ./Payload/Will.app/FirebaseCoreInternal_Privacy.bundle/PrivacyInfo.xcprivacy
copying file ./Payload/Will.app/FirebaseCoreInternal_Privacy.bundle/Info.plist ... 
2025-03-19 10:52:44 +0000  805 bytes for ./Payload/Will.app/FirebaseCoreInternal_Privacy.bundle/Info.plist
2025-03-19 10:52:44 +0000  copying file ./Payload/Will.app/React-cxxreact_privacy.bundle/PrivacyInfo.xcprivacy ... 
2025-03-19 10:52:44 +0000  552 bytes for ./Payload/Will.app/React-cxxreact_privacy.bundle/PrivacyInfo.xcprivacy
2025-03-19 10:52:44 +0000  copying file ./Payload/Will.app/React-cxxreact_privacy.bundle/Info.plist ... 
2025-03-19 10:52:44 +0000  793 bytes for ./Payload/Will.app/React-cxxreact_privacy.bundle/Info.plist
2025-03-19 10:52:44 +0000  copying file ./Payload/Will.app/nanopb_Privacy.bundle/PrivacyInfo.xcprivacy ... 
2025-03-19 10:52:44 +0000  374 bytes for ./Payload/Will.app/nanopb_Privacy.bundle/PrivacyInfo.xcprivacy
2025-03-19 10:52:44 +0000  copying file ./Payload/Will.app/nanopb_Privacy.bundle/Info.plist ... 
2025-03-19 10:52:44 +0000  778 bytes for ./Payload/Will.app/nanopb_Privacy.bundle/Info.plist
2025-03-19 10:52:44 +0000  copying file ./Payload/Will.app/GoogleService-Info.plist ... 
2025-03-19 10:52:44 +0000  489 bytes for ./Payload/Will.app/GoogleService-Info.plist
2025-03-19 10:52:44 +0000  copying file ./Payload/Will.app/FirebaseCoreExtension_Privacy.bundle/PrivacyInfo.xcprivacy ... 
2025-03-19 10:52:44 +0000  478 bytes for ./Payload/Will.app/FirebaseCoreExtension_Privacy.bundle/PrivacyInfo.xcprivacy
2025-03-19 10:52:44 +0000  copying file ./Payload/Will.app/FirebaseCoreExtension_Privacy.bundle/Info.plist ... 
2025-03-19 10:52:44 +0000  807 bytes for ./Payload/Will.app/FirebaseCoreExtension_Privacy.bundle/Info.plist
2025-03-19 10:52:44 +0000  copying file ./Payload/Will.app/Poppins-ExtraBoldItalic.ttf ... 
2025-03-19 10:52:44 +0000  173916 bytes for ./Payload/Will.app/Poppins-ExtraBoldItalic.ttf
copying file ./Payload/Will.app/Poppins-ExtraBold.ttf ... 
2025-03-19 10:52:44 +0000  152764 bytes for ./Payload/Will.app/Poppins-ExtraBold.ttf
2025-03-19 10:52:44 +0000  copying file ./Payload/Will.app/RCT-Folly_privacy.bundle/Info.plist ... 
2025-03-19 10:52:44 +0000  785 bytes for ./Payload/Will.app/RCT-Folly_privacy.bundle/Info.plist
2025-03-19 10:52:44 +0000  copying file ./Payload/Will.app/Will ... 
2025-03-19 10:52:45 +0000  15491936 bytes for ./Payload/Will.app/Will
copying file ./Payload/Will.app/Assets.car ... 
2025-03-19 10:52:45 +0000  545208 bytes for ./Payload/Will.app/Assets.car
2025-03-19 10:52:45 +0000  copying file ./Payload/Will.app/grpc.bundle/PrivacyInfo.xcprivacy ... 
2025-03-19 10:52:45 +0000  599 bytes for ./Payload/Will.app/grpc.bundle/PrivacyInfo.xcprivacy
copying file ./Payload/Will.app/grpc.bundle/Info.plist ... 
2025-03-19 10:52:45 +0000  755 bytes for ./Payload/Will.app/grpc.bundle/Info.plist
2025-03-19 10:52:45 +0000  copying file ./Payload/Will.app/AppIcon76x76@2x~ipad.png ... 
2025-03-19 10:52:45 +0000  18765 bytes for ./Payload/Will.app/AppIcon76x76@2x~ipad.png
2025-03-19 10:52:45 +0000  copying file ./Payload/Will.app/FirebaseFirestoreInternal_Privacy.bundle/PrivacyInfo.xcprivacy ... 
2025-03-19 10:52:45 +0000  1105 bytes for ./Payload/Will.app/FirebaseFirestoreInternal_Privacy.bundle/PrivacyInfo.xcprivacy
2025-03-19 10:52:45 +0000  copying file ./Payload/Will.app/FirebaseFirestoreInternal_Privacy.bundle/Info.plist ... 
2025-03-19 10:52:45 +0000  815 bytes for ./Payload/Will.app/FirebaseFirestoreInternal_Privacy.bundle/Info.plist
copying file ./Payload/Will.app/Poppins-BlackItalic.ttf ... 
2025-03-19 10:52:45 +0000  171604 bytes for ./Payload/Will.app/Poppins-BlackItalic.ttf
2025-03-19 10:52:45 +0000  copying file ./Payload/Will.app/GoogleUtilities_Privacy.bundle/PrivacyInfo.xcprivacy ... 
2025-03-19 10:52:45 +0000  1233 bytes for ./Payload/Will.app/GoogleUtilities_Privacy.bundle/PrivacyInfo.xcprivacy
copying file ./Payload/Will.app/GoogleUtilities_Privacy.bundle/Info.plist ... 
2025-03-19 10:52:45 +0000  794 bytes for ./Payload/Will.app/GoogleUtilities_Privacy.bundle/Info.plist
2025-03-19 10:52:45 +0000  copying file ./Payload/Will.app/leveldb_Privacy.bundle/PrivacyInfo.xcprivacy ... 
2025-03-19 10:52:45 +0000  856 bytes for ./Payload/Will.app/leveldb_Privacy.bundle/PrivacyInfo.xcprivacy
2025-03-19 10:52:45 +0000  copying file ./Payload/Will.app/leveldb_Privacy.bundle/Info.plist ... 
2025-03-19 10:52:45 +0000  779 bytes for ./Payload/Will.app/leveldb_Privacy.bundle/Info.plist
2025-03-19 10:52:45 +0000  copying file ./Payload/Will.app/main.jsbundle ... 
2025-03-19 10:52:45 +0000  5560038 bytes for ./Payload/Will.app/main.jsbundle
copying file ./Payload/Will.app/PrivacyInfo.xcprivacy ... 
2025-03-19 10:52:45 +0000  511 bytes for ./Payload/Will.app/PrivacyInfo.xcprivacy
copying file ./Payload/Will.app/LaunchScreen.storyboardc/01J-lp-oVM-view-Ze5-6b-2t3.nib ... 
3812 bytes for ./Payload/Will.app/LaunchScreen.storyboardc/01J-lp-oVM-view-Ze5-6b-2t3.nib
copying file ./Payload/Will.app/LaunchScreen.storyboardc/UIViewController-01J-lp-oVM.nib ... 
2025-03-19 10:52:45 +0000  924 bytes for ./Payload/Will.app/LaunchScreen.storyboardc/UIViewController-01J-lp-oVM.nib
copying file ./Payload/Will.app/LaunchScreen.storyboardc/Info.plist ... 
258 bytes for ./Payload/Will.app/LaunchScreen.storyboardc/Info.plist
copying file ./Payload/Will.app/Poppins-Regular.ttf ... 
2025-03-19 10:52:45 +0000  158240 bytes for ./Payload/Will.app/Poppins-Regular.ttf
2025-03-19 10:52:45 +0000  copying file ./Payload/Will.app/RNSVGFilters.bundle/RNSVGArithmeticFilter.iphoneos.metallib ... 
2025-03-19 10:52:45 +0000  3993 bytes for ./Payload/Will.app/RNSVGFilters.bundle/RNSVGArithmeticFilter.iphoneos.metallib
2025-03-19 10:52:45 +0000  copying file ./Payload/Will.app/RNSVGFilters.bundle/RNSVGCompositeXor.iphoneos.metallib ... 
2025-03-19 10:52:45 +0000  3509 bytes for ./Payload/Will.app/RNSVGFilters.bundle/RNSVGCompositeXor.iphoneos.metallib
2025-03-19 10:52:45 +0000  copying file ./Payload/Will.app/RNSVGFilters.bundle/Info.plist ... 
2025-03-19 10:52:45 +0000  771 bytes for ./Payload/Will.app/RNSVGFilters.bundle/Info.plist
2025-03-19 10:52:45 +0000  copying file ./Payload/Will.app/boost_privacy.bundle/Info.plist ... 
2025-03-19 10:52:45 +0000  773 bytes for ./Payload/Will.app/boost_privacy.bundle/Info.plist
2025-03-19 10:52:45 +0000  copying file ./Payload/Will.app/Poppins-LightItalic.ttf ... 
2025-03-19 10:52:45 +0000  184460 bytes for ./Payload/Will.app/Poppins-LightItalic.ttf
2025-03-19 10:52:45 +0000  copying file ./Payload/Will.app/xcprivacy.bundle/PrivacyInfo.xcprivacy ... 
2025-03-19 10:52:45 +0000  373 bytes for ./Payload/Will.app/xcprivacy.bundle/PrivacyInfo.xcprivacy
copying file ./Payload/Will.app/xcprivacy.bundle/Info.plist ... 
2025-03-19 10:52:45 +0000  770 bytes for ./Payload/Will.app/xcprivacy.bundle/Info.plist
2025-03-19 10:52:45 +0000  copying file ./Payload/Will.app/Poppins-Bold.ttf ... 
2025-03-19 10:52:45 +0000  153944 bytes for ./Payload/Will.app/Poppins-Bold.ttf
2025-03-19 10:52:45 +0000  copying file ./Payload/Will.app/Frameworks/hermes.framework/_CodeSignature/CodeResources ... 
2025-03-19 10:52:45 +0000  1798 bytes for ./Payload/Will.app/Frameworks/hermes.framework/_CodeSignature/CodeResources
2025-03-19 10:52:45 +0000  copying file ./Payload/Will.app/Frameworks/hermes.framework/hermes ... 
2025-03-19 10:52:45 +0000  4593504 bytes for ./Payload/Will.app/Frameworks/hermes.framework/hermes
copying file ./Payload/Will.app/Frameworks/hermes.framework/Info.plist ... 
2025-03-19 10:52:45 +0000  815 bytes for ./Payload/Will.app/Frameworks/hermes.framework/Info.plist
copying file ./Payload/Will.app/openssl_grpc.bundle/PrivacyInfo.xcprivacy ... 
599 bytes for ./Payload/Will.app/openssl_grpc.bundle/PrivacyInfo.xcprivacy
copying file ./Payload/Will.app/openssl_grpc.bundle/Info.plist ... 
771 bytes for ./Payload/Will.app/openssl_grpc.bundle/Info.plist
copying file ./Payload/Will.app/Poppins-Black.ttf ... 
2025-03-19 10:52:45 +0000  151396 bytes for ./Payload/Will.app/Poppins-Black.ttf
copying file ./Payload/Will.app/embedded.mobileprovision ... 
2025-03-19 10:52:45 +0000  35981 bytes for ./Payload/Will.app/embedded.mobileprovision
2025-03-19 10:52:45 +0000  copying file ./Payload/Will.app/ReactNativeBlobUtilPrivacyInfo.bundle/PrivacyInfo.xcprivacy ... 
2025-03-19 10:52:45 +0000  753 bytes for ./Payload/Will.app/ReactNativeBlobUtilPrivacyInfo.bundle/PrivacyInfo.xcprivacy
copying file ./Payload/Will.app/ReactNativeBlobUtilPrivacyInfo.bundle/Info.plist ... 
2025-03-19 10:52:45 +0000  809 bytes for ./Payload/Will.app/ReactNativeBlobUtilPrivacyInfo.bundle/Info.plist
2025-03-19 10:52:45 +0000  copying file ./Payload/Will.app/assets/node_modules/react-native-stars/example-images/starEmpty.png ... 
2025-03-19 10:52:45 +0000  6920 bytes for ./Payload/Will.app/assets/node_modules/react-native-stars/example-images/starEmpty.png
2025-03-19 10:52:45 +0000  copying file ./Payload/Will.app/assets/node_modules/react-native-stars/example-images/starHalf.png ... 
2025-03-19 10:52:45 +0000  6891 bytes for ./Payload/Will.app/assets/node_modules/react-native-stars/example-images/starHalf.png
2025-03-19 10:52:45 +0000  copying file ./Payload/Will.app/assets/node_modules/react-native-stars/example-images/starFilled.png ... 
2025-03-19 10:52:45 +0000  10060 bytes for ./Payload/Will.app/assets/node_modules/react-native-stars/example-images/starFilled.png
2025-03-19 10:52:45 +0000  copying file ./Payload/Will.app/assets/node_modules/@react-navigation/elements/lib/commonjs/assets/back-icon@3x.png ... 
2025-03-19 10:52:45 +0000  761 bytes for ./Payload/Will.app/assets/node_modules/@react-navigation/elements/lib/commonjs/assets/back-icon@3x.png
2025-03-19 10:52:45 +0000  copying file ./Payload/Will.app/assets/node_modules/@react-navigation/elements/lib/commonjs/assets/back-icon@2x.png ... 
2025-03-19 10:52:45 +0000  405 bytes for ./Payload/Will.app/assets/node_modules/@react-navigation/elements/lib/commonjs/assets/back-icon@2x.png
2025-03-19 10:52:45 +0000  copying file ./Payload/Will.app/assets/node_modules/@react-navigation/elements/lib/commonjs/assets/search-icon@2x.png ... 
2025-03-19 10:52:45 +0000  589 bytes for ./Payload/Will.app/assets/node_modules/@react-navigation/elements/lib/commonjs/assets/search-icon@2x.png
2025-03-19 10:52:45 +0000  copying file ./Payload/Will.app/assets/node_modules/@react-navigation/elements/lib/commonjs/assets/clear-icon@3x.png ... 
2025-03-19 10:52:45 +0000  502 bytes for ./Payload/Will.app/assets/node_modules/@react-navigation/elements/lib/commonjs/assets/clear-icon@3x.png
2025-03-19 10:52:45 +0000  copying file ./Payload/Will.app/assets/node_modules/@react-navigation/elements/lib/commonjs/assets/back-icon.png ... 
2025-03-19 10:52:45 +0000  290 bytes for ./Payload/Will.app/assets/node_modules/@react-navigation/elements/lib/commonjs/assets/back-icon.png
copying file ./Payload/Will.app/assets/node_modules/@react-navigation/elements/lib/commonjs/assets/clear-icon@2x.png ... 
2025-03-19 10:52:45 +0000  334 bytes for ./Payload/Will.app/assets/node_modules/@react-navigation/elements/lib/commonjs/assets/clear-icon@2x.png
2025-03-19 10:52:45 +0000  copying file ./Payload/Will.app/assets/node_modules/@react-navigation/elements/lib/commonjs/assets/search-icon@3x.png ... 
2025-03-19 10:52:45 +0000  839 bytes for ./Payload/Will.app/assets/node_modules/@react-navigation/elements/lib/commonjs/assets/search-icon@3x.png
2025-03-19 10:52:45 +0000  copying file ./Payload/Will.app/assets/node_modules/@react-navigation/elements/lib/commonjs/assets/close-icon.png ... 
2025-03-19 10:52:45 +0000  141 bytes for ./Payload/Will.app/assets/node_modules/@react-navigation/elements/lib/commonjs/assets/close-icon.png
copying file ./Payload/Will.app/assets/node_modules/@react-navigation/elements/lib/commonjs/assets/back-icon-mask.png ... 
2025-03-19 10:52:45 +0000  653 bytes for ./Payload/Will.app/assets/node_modules/@react-navigation/elements/lib/commonjs/assets/back-icon-mask.png
2025-03-19 10:52:45 +0000  copying file ./Payload/Will.app/assets/node_modules/@react-navigation/elements/lib/commonjs/assets/close-icon@2x.png ... 
2025-03-19 10:52:45 +0000  201 bytes for ./Payload/Will.app/assets/node_modules/@react-navigation/elements/lib/commonjs/assets/close-icon@2x.png
copying file ./Payload/Will.app/assets/node_modules/@react-navigation/elements/lib/commonjs/assets/close-icon@3x.png ... 
2025-03-19 10:52:45 +0000  266 bytes for ./Payload/Will.app/assets/node_modules/@react-navigation/elements/lib/commonjs/assets/close-icon@3x.png
2025-03-19 10:52:45 +0000  copying file ./Payload/Will.app/assets/node_modules/@react-navigation/elements/lib/commonjs/assets/clear-icon.png ... 
2025-03-19 10:52:45 +0000  220 bytes for ./Payload/Will.app/assets/node_modules/@react-navigation/elements/lib/commonjs/assets/clear-icon.png
copying file ./Payload/Will.app/assets/node_modules/@react-navigation/elements/lib/commonjs/assets/search-icon.png ... 
2025-03-19 10:52:45 +0000  317 bytes for ./Payload/Will.app/assets/node_modules/@react-navigation/elements/lib/commonjs/assets/search-icon.png
2025-03-19 10:52:45 +0000  copying file ./Payload/Will.app/assets/node_modules/react-native-dropdown-picker/src/themes/light/icons/tick.png ... 
2025-03-19 10:52:45 +0000  1214 bytes for ./Payload/Will.app/assets/node_modules/react-native-dropdown-picker/src/themes/light/icons/tick.png
2025-03-19 10:52:45 +0000  copying file ./Payload/Will.app/assets/node_modules/react-native-dropdown-picker/src/themes/light/icons/arrow-down.png ... 
2025-03-19 10:52:45 +0000  522 bytes for ./Payload/Will.app/assets/node_modules/react-native-dropdown-picker/src/themes/light/icons/arrow-down.png
2025-03-19 10:52:45 +0000  copying file ./Payload/Will.app/assets/node_modules/react-native-dropdown-picker/src/themes/light/icons/arrow-up.png ... 
2025-03-19 10:52:45 +0000  807 bytes for ./Payload/Will.app/assets/node_modules/react-native-dropdown-picker/src/themes/light/icons/arrow-up.png
2025-03-19 10:52:45 +0000  copying file ./Payload/Will.app/assets/node_modules/react-native-dropdown-picker/src/themes/light/icons/close.png ... 
2025-03-19 10:52:45 +0000  338 bytes for ./Payload/Will.app/assets/node_modules/react-native-dropdown-picker/src/themes/light/icons/close.png
2025-03-19 10:52:45 +0000  copying file ./Payload/Will.app/assets/node_modules/react-native-dropdown-picker/src/themes/dark/icons/tick.png ... 
2025-03-19 10:52:45 +0000  15772 bytes for ./Payload/Will.app/assets/node_modules/react-native-dropdown-picker/src/themes/dark/icons/tick.png
2025-03-19 10:52:45 +0000  copying file ./Payload/Will.app/assets/node_modules/react-native-dropdown-picker/src/themes/dark/icons/arrow-down.png ... 
2025-03-19 10:52:45 +0000  15367 bytes for ./Payload/Will.app/assets/node_modules/react-native-dropdown-picker/src/themes/dark/icons/arrow-down.png
2025-03-19 10:52:45 +0000  copying file ./Payload/Will.app/assets/node_modules/react-native-dropdown-picker/src/themes/dark/icons/arrow-up.png ... 
2025-03-19 10:52:45 +0000  15500 bytes for ./Payload/Will.app/assets/node_modules/react-native-dropdown-picker/src/themes/dark/icons/arrow-up.png
2025-03-19 10:52:45 +0000  copying file ./Payload/Will.app/assets/node_modules/react-native-dropdown-picker/src/themes/dark/icons/close.png ... 
2025-03-19 10:52:45 +0000  15449 bytes for ./Payload/Will.app/assets/node_modules/react-native-dropdown-picker/src/themes/dark/icons/close.png
2025-03-19 10:52:45 +0000  copying file ./Payload/Will.app/assets/node_modules/react-native-calendars/src/calendar/img/previous@2x.png ... 
2025-03-19 10:52:45 +0000  458 bytes for ./Payload/Will.app/assets/node_modules/react-native-calendars/src/calendar/img/previous@2x.png
2025-03-19 10:52:45 +0000  copying file ./Payload/Will.app/assets/node_modules/react-native-calendars/src/calendar/img/next@2x.png ... 
2025-03-19 10:52:45 +0000  462 bytes for ./Payload/Will.app/assets/node_modules/react-native-calendars/src/calendar/img/next@2x.png
2025-03-19 10:52:45 +0000  copying file ./Payload/Will.app/assets/node_modules/react-native-calendars/src/img/down@3x.png ... 
2025-03-19 10:52:45 +0000  508 bytes for ./Payload/Will.app/assets/node_modules/react-native-calendars/src/img/down@3x.png
2025-03-19 10:52:45 +0000  copying file ./Payload/Will.app/assets/node_modules/react-native-calendars/src/img/down@2x.png ... 
2025-03-19 10:52:45 +0000  354 bytes for ./Payload/Will.app/assets/node_modules/react-native-calendars/src/img/down@2x.png
2025-03-19 10:52:45 +0000  copying file ./Payload/Will.app/assets/node_modules/react-native-calendars/src/img/up.png ... 
2025-03-19 10:52:45 +0000  215 bytes for ./Payload/Will.app/assets/node_modules/react-native-calendars/src/img/up.png
copying file ./Payload/Will.app/assets/node_modules/react-native-calendars/src/img/down.png ... 
2025-03-19 10:52:45 +0000  208 bytes for ./Payload/Will.app/assets/node_modules/react-native-calendars/src/img/down.png
2025-03-19 10:52:45 +0000  copying file ./Payload/Will.app/assets/node_modules/react-native-calendars/src/img/up@2x.png ... 
2025-03-19 10:52:45 +0000  347 bytes for ./Payload/Will.app/assets/node_modules/react-native-calendars/src/img/up@2x.png
2025-03-19 10:52:45 +0000  copying file ./Payload/Will.app/assets/node_modules/react-native-calendars/src/img/up@3x.png ... 
2025-03-19 10:52:45 +0000  504 bytes for ./Payload/Will.app/assets/node_modules/react-native-calendars/src/img/up@3x.png
2025-03-19 10:52:45 +0000  copying file ./Payload/Will.app/assets/src/Screen/Messaging/sendnew.png ... 
2025-03-19 10:52:45 +0000  983 bytes for ./Payload/Will.app/assets/src/Screen/Messaging/sendnew.png
2025-03-19 10:52:45 +0000  copying file ./Payload/Will.app/assets/src/Screen/Messaging/attachednew.png ... 
2025-03-19 10:52:45 +0000  2360 bytes for ./Payload/Will.app/assets/src/Screen/Messaging/attachednew.png
2025-03-19 10:52:45 +0000  copying file ./Payload/Will.app/assets/src/Screen/Messaging/crossed.png ... 
2025-03-19 10:52:45 +0000  8649 bytes for ./Payload/Will.app/assets/src/Screen/Messaging/crossed.png
2025-03-19 10:52:45 +0000  copying file ./Payload/Will.app/assets/src/Global/Images/leadershiprank.png ... 
2025-03-19 10:52:45 +0000  1320 bytes for ./Payload/Will.app/assets/src/Global/Images/leadershiprank.png
2025-03-19 10:52:45 +0000  copying file ./Payload/Will.app/assets/src/Global/Images/sms.png ... 
2025-03-19 10:52:45 +0000  1894 bytes for ./Payload/Will.app/assets/src/Global/Images/sms.png
2025-03-19 10:52:45 +0000  copying file ./Payload/Will.app/assets/src/Global/Images/background2.png ... 
2025-03-19 10:52:45 +0000  219586 bytes for ./Payload/Will.app/assets/src/Global/Images/background2.png
copying file ./Payload/Will.app/assets/src/Global/Images/Starred.png ... 
2025-03-19 10:52:45 +0000  1492 bytes for ./Payload/Will.app/assets/src/Global/Images/Starred.png
2025-03-19 10:52:45 +0000  copying file ./Payload/Will.app/assets/src/Global/Images/goal1.png ... 
2025-03-19 10:52:45 +0000  140494 bytes for ./Payload/Will.app/assets/src/Global/Images/goal1.png
2025-03-19 10:52:45 +0000  copying file ./Payload/Will.app/assets/src/Global/Images/background3.png ... 
2025-03-19 10:52:45 +0000  221120 bytes for ./Payload/Will.app/assets/src/Global/Images/background3.png
copying file ./Payload/Will.app/assets/src/Global/Images/background1.png ... 
2025-03-19 10:52:45 +0000  194628 bytes for ./Payload/Will.app/assets/src/Global/Images/background1.png
2025-03-19 10:52:45 +0000  copying file ./Payload/Will.app/assets/src/Global/Images/goal2.png ... 
2025-03-19 10:52:45 +0000  131940 bytes for ./Payload/Will.app/assets/src/Global/Images/goal2.png
2025-03-19 10:52:45 +0000  copying file ./Payload/Will.app/assets/src/Global/Images/pdfimage.png ... 
2025-03-19 10:52:45 +0000  1287 bytes for ./Payload/Will.app/assets/src/Global/Images/pdfimage.png
2025-03-19 10:52:45 +0000  copying file ./Payload/Will.app/assets/src/Global/Images/lock.png ... 
2025-03-19 10:52:45 +0000  2027 bytes for ./Payload/Will.app/assets/src/Global/Images/lock.png
2025-03-19 10:52:45 +0000  copying file ./Payload/Will.app/assets/src/Global/Images/reportbackground.png ... 
2025-03-19 10:52:45 +0000  130701 bytes for ./Payload/Will.app/assets/src/Global/Images/reportbackground.png
2025-03-19 10:52:45 +0000  copying file ./Payload/Will.app/assets/src/Global/Images/willLogoImage.png ... 
2025-03-19 10:52:45 +0000  2682 bytes for ./Payload/Will.app/assets/src/Global/Images/willLogoImage.png
2025-03-19 10:52:45 +0000  copying file ./Payload/Will.app/assets/src/Global/Images/GroupMembers.png ... 
2025-03-19 10:52:45 +0000  4594 bytes for ./Payload/Will.app/assets/src/Global/Images/GroupMembers.png
2025-03-19 10:52:45 +0000  copying file ./Payload/Will.app/assets/src/Global/Images/user.png ... 
2025-03-19 10:52:45 +0000  2098 bytes for ./Payload/Will.app/assets/src/Global/Images/user.png
2025-03-19 10:52:45 +0000  copying file ./Payload/Will.app/assets/src/Global/Images/walletBackground.png ... 
2025-03-19 10:52:45 +0000  139617 bytes for ./Payload/Will.app/assets/src/Global/Images/walletBackground.png
2025-03-19 10:52:45 +0000  copying file ./Payload/Will.app/assets/src/Global/Images/showeye.png ... 
2025-03-19 10:52:45 +0000  627 bytes for ./Payload/Will.app/assets/src/Global/Images/showeye.png
2025-03-19 10:52:45 +0000  copying file ./Payload/Will.app/assets/src/Global/Images/calendar.png ... 
2025-03-19 10:52:45 +0000  1926 bytes for ./Payload/Will.app/assets/src/Global/Images/calendar.png
2025-03-19 10:52:45 +0000  copying file ./Payload/Will.app/assets/src/Global/Images/Profile.png ... 
2025-03-19 10:52:45 +0000  5650 bytes for ./Payload/Will.app/assets/src/Global/Images/Profile.png
2025-03-19 10:52:45 +0000  copying file ./Payload/Will.app/assets/src/Global/Images/goalcreatewill.png ... 
2025-03-19 10:52:45 +0000  1681 bytes for ./Payload/Will.app/assets/src/Global/Images/goalcreatewill.png
2025-03-19 10:52:45 +0000  copying file ./Payload/Will.app/assets/src/Global/Images/lockwill.png ... 
2025-03-19 10:52:45 +0000  1046 bytes for ./Payload/Will.app/assets/src/Global/Images/lockwill.png
2025-03-19 10:52:45 +0000  copying file ./Payload/Will.app/assets/src/Global/Images/notifywill.png ... 
2025-03-19 10:52:45 +0000  857 bytes for ./Payload/Will.app/assets/src/Global/Images/notifywill.png
2025-03-19 10:52:45 +0000  copying file ./Payload/Will.app/assets/src/Global/Images/QuoteOfTheDay.png ... 
2025-03-19 10:52:45 +0000  3591 bytes for ./Payload/Will.app/assets/src/Global/Images/QuoteOfTheDay.png
2025-03-19 10:52:45 +0000  copying file ./Payload/Will.app/assets/src/Global/Images/image1.png ... 
2025-03-19 10:52:45 +0000  2298517 bytes for ./Payload/Will.app/assets/src/Global/Images/image1.png
copying file ./Payload/Will.app/assets/src/Global/Images/ElipticalProfile.png ... 
2025-03-19 10:52:45 +0000  5266 bytes for ./Payload/Will.app/assets/src/Global/Images/ElipticalProfile.png
2025-03-19 10:52:45 +0000  copying file ./Payload/Will.app/assets/src/Global/Images/avatarno.png ... 
2025-03-19 10:52:45 +0000  1212 bytes for ./Payload/Will.app/assets/src/Global/Images/avatarno.png
2025-03-19 10:52:45 +0000  copying file ./Payload/Will.app/assets/src/Global/Images/eye-slash.png ... 
2025-03-19 10:52:45 +0000  2385 bytes for ./Payload/Will.app/assets/src/Global/Images/eye-slash.png
2025-03-19 10:52:45 +0000  copying file ./Payload/Will.app/assets/src/Global/Images/logoMain.png ... 
2025-03-19 10:52:45 +0000  63898 bytes for ./Payload/Will.app/assets/src/Global/Images/logoMain.png
copying file ./Payload/Will.app/assets/src/Global/Images/image2.png ... 
2025-03-19 10:52:45 +0000  3190439 bytes for ./Payload/Will.app/assets/src/Global/Images/image2.png
copying file ./Payload/Will.app/assets/src/Global/Images/image.png ... 
2025-03-19 10:52:45 +0000  134594 bytes for ./Payload/Will.app/assets/src/Global/Images/image.png
2025-03-19 10:52:45 +0000  copying file ./Payload/Will.app/assets/src/Global/Images/QuoteBg.png ... 
2025-03-19 10:52:45 +0000  12439 bytes for ./Payload/Will.app/assets/src/Global/Images/QuoteBg.png
2025-03-19 10:52:45 +0000  copying file ./Payload/Will.app/assets/src/Global/Images/image3.png ... 
2025-03-19 10:52:45 +0000  2497200 bytes for ./Payload/Will.app/assets/src/Global/Images/image3.png
2025-03-19 10:52:45 +0000  copying file ./Payload/Will.app/Poppins-Thin.ttf ... 
2025-03-19 10:52:45 +0000  161652 bytes for ./Payload/Will.app/Poppins-Thin.ttf
copying file ./Payload/Will.app/Poppins-SemiBold.ttf ... 
2025-03-19 10:52:45 +0000  155232 bytes for ./Payload/Will.app/Poppins-SemiBold.ttf
2025-03-19 10:52:45 +0000  copying file ./Payload/Will.app/Poppins-Italic.ttf ... 
2025-03-19 10:52:45 +0000  182012 bytes for ./Payload/Will.app/Poppins-Italic.ttf
copying file ./Payload/Will.app/Info.plist ... 
2025-03-19 10:52:45 +0000  4155 bytes for ./Payload/Will.app/Info.plist
2025-03-19 10:52:45 +0000  copying file ./Payload/Will.app/RNCAsyncStorage_resources.bundle/PrivacyInfo.xcprivacy ... 
2025-03-19 10:52:45 +0000  512 bytes for ./Payload/Will.app/RNCAsyncStorage_resources.bundle/PrivacyInfo.xcprivacy
2025-03-19 10:52:45 +0000  copying file ./Payload/Will.app/RNCAsyncStorage_resources.bundle/Info.plist ... 
2025-03-19 10:52:45 +0000  798 bytes for ./Payload/Will.app/RNCAsyncStorage_resources.bundle/Info.plist
2025-03-19 10:52:45 +0000  copying file ./Payload/Will.app/PkgInfo ... 
2025-03-19 10:52:45 +0000  8 bytes for ./Payload/Will.app/PkgInfo
2025-03-19 10:52:45 +0000  copying file ./Payload/Will.app/React-Core_privacy.bundle/PrivacyInfo.xcprivacy ... 
2025-03-19 10:52:45 +0000  768 bytes for ./Payload/Will.app/React-Core_privacy.bundle/PrivacyInfo.xcprivacy
2025-03-19 10:52:45 +0000  copying file ./Payload/Will.app/React-Core_privacy.bundle/Info.plist ... 
2025-03-19 10:52:45 +0000  785 bytes for ./Payload/Will.app/React-Core_privacy.bundle/Info.plist
2025-03-19 10:52:45 +0000  copying file ./Payload/Will.app/Poppins-MediumItalic.ttf ... 
2025-03-19 10:52:45 +0000  180444 bytes for ./Payload/Will.app/Poppins-MediumItalic.ttf
2025-03-19 10:52:45 +0000  /usr/bin/ditto exited with 0
2025-03-19 10:52:45 +0000  Processing step: IDEDistributionAppStoreInformationStep
2025-03-19 10:52:45 +0000  Skipping step: IDEDistributionAppStoreInformationStep because it said so
2025-03-19 10:52:45 +0000  Processing step: IDEDistributionGenerateProcessedDistributionItems
2025-03-19 10:52:45 +0000  IDEDistributionItem init <DVTFilePath:0x600028a216c0:'/var/folders/cs/0fp5y22j5pndwv68xy6ylfx00000gn/T/XcodeDistPipeline.~~~ovqatX/Root/Payload/Will.app/Frameworks/hermes.framework'>
2025-03-19 10:52:45 +0000  IDEDistributionItem init <DVTFilePath:0x600020b6b5d0:'/var/folders/cs/0fp5y22j5pndwv68xy6ylfx00000gn/T/XcodeDistPipeline.~~~ovqatX/Root/Payload/Will.app'>
2025-03-19 10:52:45 +0000  Processing step: IDEDistributionCreateManifestStep
